0 info it worked if it ends with ok
1 verbose cli [ '/usr/local/Cellar/node/7.4.0/bin/node',
1 verbose cli   '/usr/local/bin/npm',
1 verbose cli   'run',
1 verbose cli   'json:server' ]
2 info using npm@4.0.5
3 info using node@v7.4.0
4 verbose run-script [ 'prejson:server', 'json:server', 'postjson:server' ]
5 info lifecycle nano-js@1.0.0~prejson:server: nano-js@1.0.0
6 silly lifecycle nano-js@1.0.0~prejson:server: no script for prejson:server, continuing
7 info lifecycle nano-js@1.0.0~json:server: nano-js@1.0.0
8 verbose lifecycle nano-js@1.0.0~json:server: unsafe-perm in lifecycle true
9 verbose lifecycle nano-js@1.0.0~json:server: PATH: /usr/local/lib/node_modules/npm/bin/node-gyp-bin:/Users/apman/Desktop/graphql-prod/nano-js/node_modules/.bin:/Users/apman/.rvm/gems/ruby-2.4.0/bin:/Users/apman/.rvm/gems/ruby-2.4.0@global/bin:/Users/apman/.rvm/rubies/ruby-2.4.0/bin:/Users/apman/.rbenv/shims:/Users/apman/.rbenv/bin:/bin:/sbin:/usr/bin:/usr/local/sbin:/usr/local/bin:/usr/local/bin:/usr/local/bin:/usr/bin:/bin:/usr/sbin:/sbin:/Users/apman/.rvm/bin:/Users/apman/.rvm/bin
10 verbose lifecycle nano-js@1.0.0~json:server: CWD: /Users/apman/Desktop/graphql-prod/nano-js
11 silly lifecycle nano-js@1.0.0~json:server: Args: [ '-c', 'json-server --watch db.json' ]
12 silly lifecycle nano-js@1.0.0~json:server: Returned: code: 1  signal: null
13 info lifecycle nano-js@1.0.0~json:server: Failed to exec json:server script
14 verbose stack Error: nano-js@1.0.0 json:server: `json-server --watch db.json`
14 verbose stack Exit status 1
14 verbose stack     at EventEmitter.<anonymous> (/usr/local/lib/node_modules/npm/lib/utils/lifecycle.js:279:16)
14 verbose stack     at emitTwo (events.js:106:13)
14 verbose stack     at EventEmitter.emit (events.js:191:7)
14 verbose stack     at ChildProcess.<anonymous> (/usr/local/lib/node_modules/npm/lib/utils/spawn.js:40:14)
14 verbose stack     at emitTwo (events.js:106:13)
14 verbose stack     at ChildProcess.emit (events.js:191:7)
14 verbose stack     at maybeClose (internal/child_process.js:885:16)
14 verbose stack     at Process.ChildProcess._handle.onexit (internal/child_process.js:226:5)
15 verbose pkgid nano-js@1.0.0
16 verbose cwd /Users/apman/Desktop/graphql-prod/nano-js
17 error Darwin 16.5.0
18 error argv "/usr/local/Cellar/node/7.4.0/bin/node" "/usr/local/bin/npm" "run" "json:server"
19 error node v7.4.0
20 error npm  v4.0.5
21 error code ELIFECYCLE
22 error nano-js@1.0.0 json:server: `json-server --watch db.json`
22 error Exit status 1
23 error Failed at the nano-js@1.0.0 json:server script 'json-server --watch db.json'.
23 error Make sure you have the latest version of node.js and npm installed.
23 error If you do, this is most likely a problem with the nano-js package,
23 error not with npm itself.
23 error Tell the author that this fails on your system:
23 error     json-server --watch db.json
23 error You can get information on how to open an issue for this project with:
23 error     npm bugs nano-js
23 error Or if that isn't available, you can get their info via:
23 error     npm owner ls nano-js
23 error There is likely additional logging output above.
24 verbose exit [ 1, true ]
